<?xml version="1.0" encoding="utf-8"?><testsuites name="pytest tests"><testsuite name="pytest" errors="0" failures="0" skipped="0" tests="17" time="3.178" timestamp="2026-05-02T05:31:06.528683+00:00" hostname="agent-env-cb53d519-0b54-4b49-9513-75e39b166ba3"><testcase classname="backend.tests.test_iter2_features.TestSavings" name="test_get_savings_default_zero" time="0.459" /><testcase classname="backend.tests.test_iter2_features.TestSavings" name="test_set_savings_goal" time="0.049" /><testcase classname="backend.tests.test_iter2_features.TestSavings" name="test_savings_reflects_after_income_expense" time="0.133" /><testcase classname="backend.tests.test_iter2_features.TestPasswordFlows" name="test_forgot_password_returns_token" time="0.046" /><testcase classname="backend.tests.test_iter2_features.TestPasswordFlows" name="test_forgot_password_unknown_email_ok" time="0.045" /><testcase classname="backend.tests.test_iter2_features.TestPasswordFlows" name="test_reset_password_with_invalid_token" time="0.043" /><testcase classname="backend.tests.test_iter2_features.TestPasswordFlows" name="test_reset_password_success_and_login" time="0.807" /><testcase classname="backend.tests.test_iter2_features.TestPasswordFlows" name="test_reset_password_token_single_use" time="0.043" /><testcase classname="backend.tests.test_iter2_features.TestPasswordFlows" name="test_change_password_wrong_current" time="0.270" /><testcase classname="backend.tests.test_iter2_features.TestPasswordFlows" name="test_change_password_success" time="0.753" /><testcase classname="backend.tests.test_iter2_features.TestAnalyticsPeriod" name="test_period_response_shape[today]" time="0.057" /><testcase classname="backend.tests.test_iter2_features.TestAnalyticsPeriod" name="test_period_response_shape[week]" time="0.058" /><testcase classname="backend.tests.test_iter2_features.TestAnalyticsPeriod" name="test_period_response_shape[month]" time="0.052" /><testcase classname="backend.tests.test_iter2_features.TestAnalyticsPeriod" name="test_top_category_populated_after_expense" time="0.093" /><testcase classname="backend.tests.test_iter2_features.TestRegression" name="test_categories_still_seeded" time="0.046" /><testcase classname="backend.tests.test_iter2_features.TestRegression" name="test_budget_still_works" time="0.090" /><testcase classname="backend.tests.test_iter2_features.TestRegression" name="test_list_transactions" time="0.044" /></testsuite></testsuites>