<?xml version="1.0" encoding="utf-8"?><testsuites name="pytest tests"><testsuite name="pytest" errors="0" failures="0" skipped="0" tests="9" time="1.455" timestamp="2026-05-02T05:41:29.385847+00:00" hostname="agent-env-cb53d519-0b54-4b49-9513-75e39b166ba3"><testcase classname="backend.tests.test_iter3_range.TestRangeFilter" name="test_no_range_returns_all" time="0.728" /><testcase classname="backend.tests.test_iter3_range.TestRangeFilter" name="test_last_7_days" time="0.052" /><testcase classname="backend.tests.test_iter3_range.TestRangeFilter" name="test_last_30_days" time="0.049" /><testcase classname="backend.tests.test_iter3_range.TestRangeFilter" name="test_today_only" time="0.051" /><testcase classname="backend.tests.test_iter3_range.TestRangeFilter" name="test_custom_narrow_window_excludes_outside" time="0.050" /><testcase classname="backend.tests.test_iter3_range.TestRangeFilter" name="test_only_start_no_end" time="0.050" /><testcase classname="backend.tests.test_iter3_range.TestRangeFilter" name="test_only_end_no_start" time="0.052" /><testcase classname="backend.tests.test_iter3_range.TestRangeFilter" name="test_combined_search_type_range" time="0.051" /><testcase classname="backend.tests.test_iter3_range.TestRangeFilter" name="test_unauthenticated_blocked" time="0.245" /></testsuite></testsuites>