<?xml version="1.0" encoding="utf-8"?><testsuites name="pytest tests"><testsuite name="pytest" errors="0" failures="0" skipped="0" tests="9" time="1.962" timestamp="2026-05-03T09:16:13.917147+00:00" hostname="agent-env-cb53d519-0b54-4b49-9513-75e39b166ba3"><testcase classname="backend.tests.test_iter7_insights.TestAnalyticsInsights" name="test_analytics_endpoint_still_200" time="0.520" /><testcase classname="backend.tests.test_iter7_insights.TestAnalyticsInsights" name="test_top_category_this_week_insight" time="0.208" /><testcase classname="backend.tests.test_iter7_insights.TestAnalyticsInsights" name="test_week_over_week_delta_phrasing" time="0.201" /><testcase classname="backend.tests.test_iter7_insights.TestAnalyticsInsights" name="test_weekly_aggregate_delta_when_large" time="0.104" /><testcase classname="backend.tests.test_iter7_insights.TestRegression" name="test_login_existing_seed_user" time="0.437" /><testcase classname="backend.tests.test_iter7_insights.TestRegression" name="test_budgets_endpoint" time="0.096" /><testcase classname="backend.tests.test_iter7_insights.TestRegression" name="test_transactions_list" time="0.101" /><testcase classname="backend.tests.test_iter7_insights.TestRegression" name="test_transactions_date_range" time="0.117" /><testcase classname="backend.tests.test_iter7_insights.TestRegression" name="test_streaks_endpoint" time="0.109" /></testsuite></testsuites>