<?xml version="1.0" encoding="utf-8"?><testsuites name="pytest tests"><testsuite name="pytest" errors="0" failures="0" skipped="0" tests="17" time="5.629" timestamp="2026-05-03T08:58:32.406009+00:00" hostname="agent-env-cb53d519-0b54-4b49-9513-75e39b166ba3"><testcase classname="backend.tests.test_iter4_features.TestBudgets" name="test_get_budgets_empty" time="0.688" /><testcase classname="backend.tests.test_iter4_features.TestBudgets" name="test_post_monthly_budget" time="0.283" /><testcase classname="backend.tests.test_iter4_features.TestBudgets" name="test_post_weekly_budget" time="0.369" /><testcase classname="backend.tests.test_iter4_features.TestBudgets" name="test_budgets_combined" time="0.102" /><testcase classname="backend.tests.test_iter4_features.TestSettings" name="test_default_settings" time="0.136" /><testcase classname="backend.tests.test_iter4_features.TestSettings" name="test_patch_discipline_true" time="0.238" /><testcase classname="backend.tests.test_iter4_features.TestSettings" name="test_patch_discipline_false" time="0.105" /><testcase classname="backend.tests.test_iter4_features.TestStreaks" name="test_streak_shape" time="0.111" /><testcase classname="backend.tests.test_iter4_features.TestStreaks" name="test_log_streak_increments_with_today_txn" time="0.209" /><testcase classname="backend.tests.test_iter4_features.TestStreaks" name="test_budget_streak_breaks_on_weekly_overage" time="0.681" /><testcase classname="backend.tests.test_iter4_features.TestStreaks" name="test_budget_streak_not_possible_without_budget" time="0.443" /><testcase classname="backend.tests.test_iter4_features.TestRegression" name="test_auth_me" time="0.103" /><testcase classname="backend.tests.test_iter4_features.TestRegression" name="test_transactions_crud" time="0.307" /><testcase classname="backend.tests.test_iter4_features.TestRegression" name="test_date_range_filter" time="0.101" /><testcase classname="backend.tests.test_iter4_features.TestRegression" name="test_savings" time="0.106" /><testcase classname="backend.tests.test_iter4_features.TestRegression" name="test_analytics" time="0.160" /><testcase classname="backend.tests.test_iter4_features.TestRegression" name="test_change_password" time="1.270" /></testsuite></testsuites>