<?xml version="1.0" encoding="utf-8"?><testsuites name="pytest tests"><testsuite name="pytest" errors="0" failures="0" skipped="0" tests="18" time="2.027" timestamp="2026-05-01T12:10:02.726392+00:00" hostname="agent-env-cb53d519-0b54-4b49-9513-75e39b166ba3"><testcase classname="backend.tests.test_nsiap_api.TestAuth" name="test_register_returns_jwt_and_user" time="0.406" /><testcase classname="backend.tests.test_nsiap_api.TestAuth" name="test_register_duplicate_returns_400" time="0.043" /><testcase classname="backend.tests.test_nsiap_api.TestAuth" name="test_login_success" time="0.266" /><testcase classname="backend.tests.test_nsiap_api.TestAuth" name="test_login_invalid" time="0.269" /><testcase classname="backend.tests.test_nsiap_api.TestAuth" name="test_me_with_bearer" time="0.045" /><testcase classname="backend.tests.test_nsiap_api.TestAuth" name="test_me_without_token" time="0.044" /><testcase classname="backend.tests.test_nsiap_api.TestCategories" name="test_default_categories_seeded" time="0.046" /><testcase classname="backend.tests.test_nsiap_api.TestTransactions" name="test_create_transaction" time="0.048" /><testcase classname="backend.tests.test_nsiap_api.TestTransactions" name="test_create_income" time="0.045" /><testcase classname="backend.tests.test_nsiap_api.TestTransactions" name="test_list_transactions_has_items" time="0.046" /><testcase classname="backend.tests.test_nsiap_api.TestTransactions" name="test_filter_by_type_expense" time="0.049" /><testcase classname="backend.tests.test_nsiap_api.TestTransactions" name="test_filter_by_category" time="0.045" /><testcase classname="backend.tests.test_nsiap_api.TestTransactions" name="test_search" time="0.045" /><testcase classname="backend.tests.test_nsiap_api.TestTransactions" name="test_patch_transaction" time="0.101" /><testcase classname="backend.tests.test_nsiap_api.TestTransactions" name="test_delete_transaction" time="0.095" /><testcase classname="backend.tests.test_nsiap_api.TestBudget" name="test_set_and_get_budget" time="0.093" /><testcase classname="backend.tests.test_nsiap_api.TestBudget" name="test_get_budget" time="0.046" /><testcase classname="backend.tests.test_nsiap_api.TestAnalytics" name="test_analytics_summary" time="0.149" /></testsuite></testsuites>